<?xml version="1.0" encoding="UTF-8"?>
<!-- Generated by org.testng.reporters.JUnitReportReporter -->
<testsuite hostname="DESKTOP-8UOV5P4" failures="0" tests="2" name="Extentreport.openbrowsers" time="2.400" errors="0" timestamp="2024-10-29T15:34:15 IST" skipped="0">
  <testcase classname="Extentreport.openbrowsers" name="openbing" time="1.390"/>
  <system-out/>
  <testcase classname="Extentreport.openbrowsers" name="opengoogle" time="1.010"/>
  <system-out/>
</testsuite> <!-- Extentreport.openbrowsers -->
